Log file open, 08/12/16 09:16:06
LogInit:Display: Running engine for game: GameJamGame
LogPlatformFile: Not using cached read wrapper
LogInit:Display: RandInit(456068788) SRandInit(456068790).
LogTaskGraph: Started task graph with 4 named threads and 7 total threads with 1 sets of task threads.
LogStats: Stats thread started at 0.066791
LogInit: Version: 4.12.5-3039270+++UE4+Release-4.12
LogInit: API Version: 2992821
LogInit: Net Version: 3039270
LogDevObjectVersion: Number of dev versions registered: 13
LogDevObjectVersion:   Dev-Blueprints (B0D832E4-1F89-4F0D-ACCF-7EB736FD4AA2): 3
LogDevObjectVersion:   Dev-Build (E1C64328-A22C-4D53-A36C-8E866417BD8C): 0
LogDevObjectVersion:   Dev-Core (375EC13C-06E4-48FB-B500-84F0262A717E): 1
LogDevObjectVersion:   Dev-Editor (E4B068ED-F494-42E9-A231-DA0B2E46BB41): 2
LogDevObjectVersion:   Dev-Framework (CFFC743F-43B0-4480-9391-14DF171D2073): 6
LogDevObjectVersion:   Dev-Mobile (B02B49B5-BB20-44E9-A304-32B752E40360): 0
LogDevObjectVersion:   Dev-Networking (A4E4105C-59A1-49B5-A7C5-40C4547EDFEE): 0
LogDevObjectVersion:   Dev-Online (39C831C9-5AE6-47DC-9A44-9C173E1C8E7C): 0
LogDevObjectVersion:   Dev-Physics (78F01B33-EBEA-4F98-B9B4-84EACCB95AA2): 0
LogDevObjectVersion:   Dev-Platform (6631380F-2D4D-43E0-8009-CF276956A95A): 0
LogDevObjectVersion:   Dev-Rendering (12F88B9F-8875-4AFC-A67C-D90C383ABD29): 2
LogDevObjectVersion:   Dev-Sequencer (7B5AE74C-D270-4C10-A958-57980B212A5A): 0
LogDevObjectVersion:   Dev-VR (D7296918-1DD6-4BDD-9DE2-64A83CC13884): 0
LogInit: Compiled (64-bit): Jul  6 2016 09:09:46
LogInit: Compiled with Visual C++: 19.00.23026.00
LogInit: Build Configuration: Development
LogInit: Branch Name: ++UE4+Release-4.12
LogInit: Command line: -EpicPortal 
LogInit: Base directory: C:/Program Files (x86)/Epic Games/4.12/Engine/Binaries/Win64/
LogInit: Installed Engine Build: 1
LogInit: Using libcurl 7.41.0
LogInit:  - built for x86_64-pc-win32
LogInit:  - supports SSL with WinSSL
LogInit:  - other features:
LogInit:      CURL_VERSION_SSL
LogInit:      CURL_VERSION_IPV6
LogInit:      CURL_VERSION_ASYNCHDNS
LogInit:      CURL_VERSION_LARGEFILE
LogInit:      CURL_VERSION_IDN
LogInit:  CurlRequestOptions (configurable via config and command line):
LogInit:  - bVerifyPeer = true  - Libcurl will verify peer certificate
LogInit:  - bUseHttpProxy = false  - Libcurl will NOT use HTTP proxy
LogInit:  - bDontReuseConnections = false  - Libcurl will reuse connections
LogInit:  - CertBundlePath = nullptr  - Libcurl will use whatever was configured at build time.
LogInit: Presizing for max 8388607 objects, including 0 objects not considered by GC, pre-allocating 0 bytes for permanent pool.
LogInit: Object subsystem initialized
[2016.08.12-08.16.06:409][  0]LogInit: Selected Device Profile: [Windows]
[2016.08.12-08.16.06:409][  0]LogInit: Applying CVar settings loaded from the selected device profile: [Windows]
[2016.08.12-08.16.06:430][  0]LogInit: Computer: MANPSQD024
[2016.08.12-08.16.06:430][  0]LogInit: User: bradkett
[2016.08.12-08.16.06:430][  0]LogInit: CPU Page size=65536, Cores=4
[2016.08.12-08.16.06:430][  0]LogInit: High frequency timer resolution =3.613330 MHz
[2016.08.12-08.16.06:430][  0]LogMemory: Memory total: Physical=15.9GB (16GB approx)
[2016.08.12-08.16.06:430][  0]LogMemory: Platform Memory Stats for Windows
[2016.08.12-08.16.06:430][  0]LogMemory: Process Physical Memory: 190.93 MB used, 190.93 MB peak
[2016.08.12-08.16.06:430][  0]LogMemory: Process Virtual Memory: 196.87 MB used, 196.87 MB peak
[2016.08.12-08.16.06:430][  0]LogMemory: Physical Memory: 5771.07 MB used, 16261.73 MB total
[2016.08.12-08.16.06:430][  0]LogMemory: Virtual Memory: 518.96 MB used, 8388608.00 MB total
[2016.08.12-08.16.06:460][  0]LogTextLocalizationManager: No specific translations for ('en-GB') exist, so ('en') translations will be used.
[2016.08.12-08.16.06:829][  0]LogD3D11RHI: D3D11 adapters:
[2016.08.12-08.16.06:845][  0]LogD3D11RHI:    0. 'NVIDIA GeForce GTX 760' (Feature Level 11_0)
[2016.08.12-08.16.06:845][  0]LogD3D11RHI:       1990/0/2048 MB DedicatedVideo/DedicatedSystem/SharedSystem, Outputs:2, VendorId:0x10de
[2016.08.12-08.16.06:845][  0]LogD3D11RHI: Chosen D3D11 Adapter: 0
[2016.08.12-08.16.06:849][  0]LogD3D11RHI: Creating new Direct3DDevice
[2016.08.12-08.16.06:849][  0]LogD3D11RHI:     GPU DeviceId: 0x1187 (for the marketing name, search the web for "GPU Device Id")
[2016.08.12-08.16.06:849][  0]LogWindows: EnumDisplayDevices:
[2016.08.12-08.16.06:849][  0]LogWindows:    0. 'NVIDIA GeForce GTX 760' (P:1 D:1)
[2016.08.12-08.16.06:849][  0]LogWindows:    1. 'NVIDIA GeForce GTX 760' (P:0 D:1)
[2016.08.12-08.16.06:850][  0]LogWindows:    2. 'NVIDIA GeForce GTX 760' (P:0 D:0)
[2016.08.12-08.16.06:850][  0]LogWindows:    3. 'NVIDIA GeForce GTX 760' (P:0 D:0)
[2016.08.12-08.16.06:850][  0]LogWindows:    4. 'RDPDD Chained DD' (P:0 D:0)
[2016.08.12-08.16.06:850][  0]LogWindows:    5. 'RDP Encoder Mirror Driver' (P:0 D:0)
[2016.08.12-08.16.06:850][  0]LogWindows:    6. 'RDP Reflector Display Driver' (P:0 D:0)
[2016.08.12-08.16.06:850][  0]LogWindows: DebugString: GetVideoDriverDetailsInvalid PrimaryIsNotTheChoosenAdapter GetVideoDriverDetailsInvalid PrimaryIsNotTheChoosenAdapter GetVideoDriverDetailsInvalid PrimaryIsNotTheChoosenAdapter FoundDriverCount:4 
[2016.08.12-08.16.06:850][  0]LogD3D11RHI:     Adapter Name: NVIDIA GeForce GTX 760
[2016.08.12-08.16.06:850][  0]LogD3D11RHI:   Driver Version: 353.30 (internal:10.18.13.5330, unified:353.30)
[2016.08.12-08.16.06:850][  0]LogD3D11RHI:      Driver Date: 6-17-2015
[2016.08.12-08.16.06:850][  0]LogRHI: Texture pool is 1361 MB (70% of 1945 MB)
[2016.08.12-08.16.06:857][  0]LogD3D11RHI: Async texture creation enabled
[2016.08.12-08.16.06:871][  0]LogD3D11RHI: GPU Timing Frequency: 1000.000000 (Debug: 2 2)
[2016.08.12-08.16.06:871][  0]LogShaderCompilers: Guid format shader working directory is -30 characters bigger than the processId version (../../../../../../Users/bradkett/Documents/Unreal Projects/16AugJam/GameJamGame/Intermediate/Shaders/WorkingDirectory/3108/).
[2016.08.12-08.16.06:871][  0]LogShaderCompilers: Cleaned the shader compiler working directory 'C:/Users/bradkett/AppData/Local/Temp/UnrealShaderWorkingDir/459EDA2E45681589BCD78DB44AA5111D/'.
[2016.08.12-08.16.06:871][  0]LogShaderCompilers:Display: Using Local Shader Compiler.
[2016.08.12-08.16.07:785][  0]LogTemp:Display: Loaded TP AllDesktopTargetPlatform
[2016.08.12-08.16.07:793][  0]LogTemp:Display: Loaded TP WindowsClientTargetPlatform
[2016.08.12-08.16.07:801][  0]LogTemp:Display: Loaded TP WindowsNoEditorTargetPlatform
[2016.08.12-08.16.07:810][  0]LogTemp:Display: Loaded TP WindowsServerTargetPlatform
[2016.08.12-08.16.07:818][  0]LogTemp:Display: Loaded TP WindowsTargetPlatform
[2016.08.12-08.16.07:825][  0]LogTemp:Display: Loaded TP AndroidTargetPlatform
[2016.08.12-08.16.07:838][  0]LogTemp:Display: Loaded TP Android_ASTCTargetPlatform
[2016.08.12-08.16.07:845][  0]LogTemp:Display: Loaded TP Android_ATCTargetPlatform
[2016.08.12-08.16.07:852][  0]LogTemp:Display: Loaded TP Android_DXTTargetPlatform
[2016.08.12-08.16.07:859][  0]LogTemp:Display: Loaded TP Android_ETC1TargetPlatform
[2016.08.12-08.16.07:866][  0]LogTemp:Display: Loaded TP Android_ETC2TargetPlatform
[2016.08.12-08.16.07:881][  0]LogTemp:Display: Loaded TP Android_MultiTargetPlatform
[2016.08.12-08.16.07:881][  0]LogTemp:Display: Loaded TP Android_PVRTCTargetPlatform
[2016.08.12-08.16.07:882][  0]LogTemp:Display: Loaded TP HTML5TargetPlatform
[2016.08.12-08.16.07:904][  0]LogTemp:Display: Loaded TP IOSTargetPlatform
[2016.08.12-08.16.07:911][  0]LogTemp:Display: Loaded TP TVOSTargetPlatform
[2016.08.12-08.16.07:918][  0]LogTemp:Display: Loaded TP LinuxNoEditorTargetPlatform
[2016.08.12-08.16.07:926][  0]LogTemp:Display: Loaded TP LinuxServerTargetPlatform
[2016.08.12-08.16.07:933][  0]LogTemp:Display: Loaded TP LinuxTargetPlatform
[2016.08.12-08.16.07:933][  0]LogTargetPlatformManager:Display: Building Assets For Windows
[2016.08.12-08.16.07:988][  0]LogDerivedDataCache:Display: Max Cache Size: 512 MB
[2016.08.12-08.16.08:034][  0]LogDerivedDataCache: Loaded boot cache 0.05s 48MB C:/Users/bradkett/AppData/Local/UnrealEngine/4.12/DerivedDataCache/Boot.ddc.
[2016.08.12-08.16.08:034][  0]LogDerivedDataCache:Display: Loaded Boot cache: C:/Users/bradkett/AppData/Local/UnrealEngine/4.12/DerivedDataCache/Boot.ddc
[2016.08.12-08.16.08:034][  0]LogDerivedDataCache: FDerivedDataBackendGraph:  Pak pak cache file ../../../../../../Users/bradkett/Documents/Unreal Projects/16AugJam/GameJamGame/DerivedDataCache/DDC.ddp not found, will not use a pak cache.
[2016.08.12-08.16.08:034][  0]LogDerivedDataCache: Unable to find inner node Pak for hierarchical cache Hierarchy.
[2016.08.12-08.16.08:034][  0]LogDerivedDataCache: FDerivedDataBackendGraph:  CompressedPak pak cache file ../../../../../../Users/bradkett/Documents/Unreal Projects/16AugJam/GameJamGame/DerivedDataCache/Compressed.ddp not found, will not use a pak cache.
[2016.08.12-08.16.08:034][  0]LogDerivedDataCache: Unable to find inner node CompressedPak for hierarchical cache Hierarchy.
[2016.08.12-08.16.08:053][  0]LogDerivedDataCache:Display: Pak cache opened for reading ../../../Engine/DerivedDataCache/Compressed.ddp.
[2016.08.12-08.16.08:065][  0]LogDerivedDataCache: Using Local data cache path C:/Users/bradkett/AppData/Local/UnrealEngine/Common/DerivedDataCache: Writable
[2016.08.12-08.16.08:276][  0]LogInit: Selected Device Profile: [Windows]
[2016.08.12-08.16.08:277][  0]LogContentStreaming: Texture pool size is 0.00 MB
[2016.08.12-08.16.08:435][  0]LogMeshUtilities: No automatic mesh reduction module available
[2016.08.12-08.16.08:435][  0]LogMeshUtilities: No automatic mesh merging module available
[2016.08.12-08.16.08:435][  0]LogMeshUtilities: No distributed automatic mesh merging module available
[2016.08.12-08.16.08:665][  0]LogAssetRegistry: FAssetRegistry took 0.0203 seconds to start up
[2016.08.12-08.16.08:692][  0]LogPackageLocalizationCache: Processed 3 localized package path(s) for 2 prioritized culture(s) in 0.025310 seconds
[2016.08.12-08.16.08:697][  0]LogUObjectArray: 28739 objects as part of root set at end of initial load.
[2016.08.12-08.16.08:697][  0]LogUObjectAllocator: 5855624 out of 0 bytes used by permanent object pool.
[2016.08.12-08.16.08:697][  0]LogUObjectArray: CloseDisregardForGC: 0/0 objects in disregard for GC pool
[2016.08.12-08.16.08:702][  0]LogInit: WinSock: version 1.1 (2.2), MaxSocks=32767, MaxUdp=65467
[2016.08.12-08.16.08:851][  0]LogSlate: SlateFontCache - WITH_FREETYPE: 1, WITH_HARFBUZZ: 1
[2016.08.12-08.16.08:851][  0]LogSlate: SlateFontCache - WITH_FREETYPE: 1, WITH_HARFBUZZ: 1
[2016.08.12-08.16.09:458][  0]LogUdpMessaging: Initializing bridge on interface 0.0.0.0:0 to multicast group 230.0.0.1:6666.
[2016.08.12-08.16.09:659][  0]SourceControl: Info Source control is disabled
[2016.08.12-08.16.09:660][  0]SourceControl: Info Source control is disabled
[2016.08.12-08.16.09:665][  0]SourceControl: Info Source control is disabled
[2016.08.12-08.16.09:670][  0]SourceControl: Info Source control is disabled
[2016.08.12-08.16.09:818][  0]LogEngine: Initializing Engine...
[2016.08.12-08.16.09:818][  0]LogHMD: SteamVR failed to initialize.  Err: 110
[2016.08.12-08.16.09:819][  0]LogHMD: SteamVR failed to initialize.  Err: 110
[2016.08.12-08.16.09:969][  0]LogAIModule: Creating AISystem for world NewWorld
[2016.08.12-08.16.09:973][  0]LogInit: XAudio2 using 'Speakers (Conexant HD Audio)' : 2 channels at 44.1 kHz using 16 bits per sample (channel mask 0x3)
[2016.08.12-08.16.09:999][  0]LogInit: FAudioDevice initialized.
[2016.08.12-08.16.10:024][  0]LogDerivedDataCache: Saved boot cache 0.02s 48MB C:/Users/bradkett/AppData/Local/UnrealEngine/4.12/DerivedDataCache/Boot.ddc.
[2016.08.12-08.16.10:030][  0]LogInit: Texture streaming: Enabled
[2016.08.12-08.16.10:049][  0]LogInit: Transaction tracking system initialized
[2016.08.12-08.16.10:065][  0]BlueprintLog: New page: Editor Load
[2016.08.12-08.16.10:117][  0]LocalizationService: Info Localization service is disabled
[2016.08.12-08.16.10:164][  0]LogConsoleResponse:Display: 
[2016.08.12-08.16.10:258][  0]LogCook:Display: Max memory allowance for cook 8192mb
[2016.08.12-08.16.10:258][  0]LogCook:Display: Mobile HDR setting 1
[2016.08.12-08.16.10:325][  0]LogFileCache: Scanning file cache for directory 'C:/Users/bradkett/Documents/Unreal Projects/16AugJam/GameJamGame/Content/' took 0.01s
[2016.08.12-08.16.10:325][  0]SourceControl: Info Source control is disabled
[2016.08.12-08.16.10:325][  0]Cmd: MAP LOAD FILE="../../../Engine/Content/Maps/Templates/Template_Default.umap" TEMPLATE=1 SHOWPROGRESS=1 FEATURELEVEL=3
[2016.08.12-08.16.10:326][  0]LightingResults: New page: Lighting Build
[2016.08.12-08.16.10:328][  0]MapCheck: New page: Map Check
[2016.08.12-08.16.10:328][  0]LightingResults: New page: Lighting Build
[2016.08.12-08.16.10:588][  0]LogAIModule: Creating AISystem for world Untitled_1
[2016.08.12-08.16.10:593][  0]LogEditorServer: Finished looking for orphan Actors (0.000 secs)
[2016.08.12-08.16.10:597][  0]Cmd: MAP CHECKDEP NOCLEARLOG
[2016.08.12-08.16.10:632][  0]MapCheck: Info Map check complete: 0 Error(s), 0 Warning(s), took 35.432ms to complete.
[2016.08.12-08.16.10:633][  0]LogFileHelpers: Loading map 'Template_Default' took 0.307
[2016.08.12-08.16.10:784][  0]LogCollectionManager: Loaded 0 collections in 0.001742 seconds
[2016.08.12-08.16.10:824][  0]LogFileCache: Scanning file cache for directory 'C:/Users/bradkett/Documents/Unreal Projects/16AugJam/GameJamGame/Saved/Collections/' took 0.01s
[2016.08.12-08.16.10:824][  0]LogFileCache: Scanning file cache for directory 'C:/Users/bradkett/Documents/Unreal Projects/16AugJam/GameJamGame/Content/Developers/bradkett/Collections/' took 0.01s
[2016.08.12-08.16.10:824][  0]LogFileCache: Scanning file cache for directory 'C:/Users/bradkett/Documents/Unreal Projects/16AugJam/GameJamGame/Content/Collections/' took 0.01s
[2016.08.12-08.16.10:824][  0]LogCollectionManager: Rebuilt the GUID cache for 0 collections in 0.000003 seconds
[2016.08.12-08.16.10:834][  0]LogContentBrowser: Native class hierarchy populated in 0.0092 seconds. Added 2047 classes and 369 folders.
[2016.08.12-08.16.10:837][  0]LogStats: UGameplayTagsManager::ConstructGameplayTagTree: Construct from data asset -  0.000 s
[2016.08.12-08.16.10:837][  0]LogStats: UGameplayTagsManager::ConstructGameplayTagTree: GameplayTagTreeChangedEvent.Broadcast -  0.000 s
[2016.08.12-08.16.10:838][  0]LogContentBrowser: Native class hierarchy updated for 'GameplayTags' in 0.0004 seconds. Added 12 classes and 0 folders.
[2016.08.12-08.16.10:841][  0]LogContentBrowser: Native class hierarchy updated for 'WidgetCarousel' in 0.0003 seconds. Added 0 classes and 0 folders.
[2016.08.12-08.16.10:880][  0]LogContentBrowser: Native class hierarchy updated for 'AddContentDialog' in 0.0004 seconds. Added 0 classes and 0 folders.
[2016.08.12-08.16.10:883][  0]LogContentBrowser: Native class hierarchy updated for 'SceneOutliner' in 0.0003 seconds. Added 1 classes and 2 folders.
[2016.08.12-08.16.10:937][  0]LogCrashTracker: Crashtracker disabled due to settings.
[2016.08.12-08.16.10:940][  0]LogUObjectGlobals:Warning: Failed to find object 'Class None.'
[2016.08.12-08.16.10:965][  0]LogContentBrowser: Native class hierarchy updated for 'HierarchicalLODOutliner' in 0.0009 seconds. Added 1 classes and 2 folders.
[2016.08.12-08.16.10:965][  0]LogLoad: Full Startup: 5.43 seconds (BP compile: 0.04 seconds)
[2016.08.12-08.16.10:965][  0]LogExternalProfiler: No external profilers were discovered.  External profiling features will not be available.
[2016.08.12-08.16.10:975][  0]LogOcInput: OculusInput pre-init called
[2016.08.12-08.16.10:995][  0]LogContentStreaming: Texture pool size now 1000 MB
[2016.08.12-08.16.11:147][  0]LogRenderer: Reallocating scene render targets to support 856x396 (Frame:2).
[2016.08.12-08.16.11:204][  1]LogAssetRegistry: Asset discovery search completed in 2.5583 seconds
[2016.08.12-08.16.11:204][  1]LogCollectionManager: Rebuilt the object cache for 0 collections in 0.000001 seconds (found 0 objects)
[2016.08.12-08.16.11:204][  1]LogCollectionManager: Fixed up redirectors for 0 collections in 0.000021 seconds (updated 0 objects)
[2016.08.12-08.16.24:106][459]LogRenderer: Reallocating scene render targets to support 1208x576 (Frame:1463).
[2016.08.12-08.17.05:848][767]LogPlayLevel: PlayLevel: No blueprints needed recompiling
[2016.08.12-08.17.05:849][767]PIE: New page: PIE session: Untitled_1 (12 Aug 2016 09:17:05)
[2016.08.12-08.17.05:849][767]LogPlayLevel: Creating play world package: /Temp/UEDPIE_0_Untitled_1
[2016.08.12-08.17.05:851][767]LogPlayLevel: PIE: StaticDuplicateObject took: (0.002015s)
[2016.08.12-08.17.05:852][767]LogAIModule: Creating AISystem for world Untitled_1
[2016.08.12-08.17.05:852][767]LogPlayLevel: PIE: World Init took: (0.000827s)
[2016.08.12-08.17.05:852][767]LogPlayLevel: PIE: Created PIE world by copying editor world from /Temp/Untitled_1.Untitled_1 to /Temp/UEDPIE_0_Untitled_1.Untitled_1 (0.003081s)
[2016.08.12-08.17.05:868][767]LogInit: XAudio2 using 'Speakers (Conexant HD Audio)' : 2 channels at 44.1 kHz using 16 bits per sample (channel mask 0x3)
[2016.08.12-08.17.05:877][767]LogInit: FAudioDevice initialized.
[2016.08.12-08.17.05:963][767]LogWorld: Game class is 'GameMode'
[2016.08.12-08.17.05:966][767]LogWorld: Bringing World /Temp/UEDPIE_0_Untitled_1.Untitled_1 up for play (max tick rate 0) at 2016.08.12-09.17.05
[2016.08.12-08.17.05:967][767]LogWorld: Bringing up level for play took: 0.002389
[2016.08.12-08.17.05:973][767]LogContentBrowser: Native class hierarchy updated for 'MovieSceneCapture' in 0.0008 seconds. Added 11 classes and 0 folders.
[2016.08.12-08.17.05:975][767]PIE: Info Play in editor start time for /Temp/UEDPIE_0_Untitled_1 -0.078
[2016.08.12-08.17.24:908][965]LogPlayLevel: PlayLevel: No blueprints needed recompiling
[2016.08.12-08.17.24:908][965]PIE: New page: PIE session: Untitled_1 (12 Aug 2016 09:17:24)
[2016.08.12-08.17.24:908][965]LogPlayLevel: Creating play world package: /Temp/UEDPIE_0_Untitled_1
[2016.08.12-08.17.24:910][965]LogPlayLevel: PIE: StaticDuplicateObject took: (0.001904s)
[2016.08.12-08.17.24:911][965]LogAIModule: Creating AISystem for world Untitled_1
[2016.08.12-08.17.24:911][965]LogPlayLevel: PIE: World Init took: (0.000679s)
[2016.08.12-08.17.24:911][965]LogPlayLevel: PIE: Created PIE world by copying editor world from /Temp/Untitled_1.Untitled_1 to /Temp/UEDPIE_0_Untitled_1.Untitled_1 (0.002776s)
[2016.08.12-08.17.24:920][965]LogInit: XAudio2 using 'Speakers (Conexant HD Audio)' : 2 channels at 44.1 kHz using 16 bits per sample (channel mask 0x3)
[2016.08.12-08.17.24:929][965]LogInit: FAudioDevice initialized.
[2016.08.12-08.17.24:982][965]LogWorld: Game class is 'GameMode'
[2016.08.12-08.17.24:984][965]LogWorld: Bringing World /Temp/UEDPIE_0_Untitled_1.Untitled_1 up for play (max tick rate 0) at 2016.08.12-09.17.24
[2016.08.12-08.17.25:003][965]LogWorld: Bringing up level for play took: 0.020091
[2016.08.12-08.17.25:004][965]PIE: Info Play in editor start time for /Temp/UEDPIE_0_Untitled_1 0.95
[2016.08.12-08.17.29:873][531]Cmd: DELETE
[2016.08.12-08.17.29:873][531]Cmd: ACTOR DELETE
[2016.08.12-08.17.29:873][531]LogEditorActor: Deleted Actor: Character
[2016.08.12-08.17.29:881][531]LogEditorActor: Deleted 1 Actors (0.008 secs)
[2016.08.12-08.17.45:441][352]LogActorFactory: Actor Factory created Cube
[2016.08.12-08.17.46:702][495]LogActorFactory: Actor Factory created Cube
[2016.08.12-08.17.50:799][974]Cmd: TRANSACTION UNDO
[2016.08.12-08.17.50:799][974]LogEditorTransaction: Undo Move Actors
[2016.08.12-08.18.23:960][181]LogFactory: FactoryCreateFile: Texture with ReimportTextureFactory (0 0 ../../../../../../Users/bradkett/Pictures/Sanic.png)
[2016.08.12-08.18.23:966][181]LogTexture:Display: Building textures: Sanic (AutoDXT)
[2016.08.12-08.18.28:176][653]LogContentBrowser: Native class hierarchy updated for 'TextureEditor' in 0.0004 seconds. Added 1 classes and 2 folders.
[2016.08.12-08.18.32:887][144]LogMaterial: Missing cached shader map for material BasicShapeMaterial, compiling. 
[2016.08.12-08.18.33:047][144]LogMaterial: Missing cached shader map for material BasicShapeMaterial, compiling. 
[2016.08.12-08.18.33:055][144]LogMaterial: 0.00 seconds spent updating 1 materials, 1 interfaces, 0 instances, 0 with static permutations.
[2016.08.12-08.18.33:101][144]LogMaterial: Missing cached shader map for material FMatExpressionPreview MaterialExpressionVectorParameter_0, compiling. 
[2016.08.12-08.18.34:597][219]MaterialEditorStats: Info Base pass shader with static lighting: 52 instructions
[2016.08.12-08.18.34:597][219]MaterialEditorStats: Info Base pass shader with only dynamic lighting: 23 instructions
[2016.08.12-08.18.34:597][219]MaterialEditorStats: Info Vertex shader: 29 instructions
[2016.08.12-08.18.34:597][219]MaterialEditorStats: Info Texture samplers: 2/16
[2016.08.12-08.18.38:109][498]LogMaterial: Missing cached shader map for material BasicShapeMaterial, compiling. 
[2016.08.12-08.18.38:117][498]LogMaterial: 0.00 seconds spent updating 1 materials, 1 interfaces, 0 instances, 0 with static permutations.
[2016.08.12-08.18.38:127][498]LogMaterial: Missing cached shader map for material FMatExpressionPreview MaterialExpressionTextureSample_0, compiling. 
[2016.08.12-08.18.38:308][498]LogMaterial: Missing cached shader map for material FMatExpressionPreview MaterialExpressionVectorParameter_0, compiling. 
[2016.08.12-08.18.38:325][498]LogMaterial: Missing cached shader map for material FMatExpressionPreview MaterialExpressionTextureSample_0, compiling. 
[2016.08.12-08.18.38:998][531]MaterialEditorStats: Info Base pass shader with static lighting: 52 instructions
[2016.08.12-08.18.38:998][531]MaterialEditorStats: Info Base pass shader with only dynamic lighting: 23 instructions
[2016.08.12-08.18.38:998][531]MaterialEditorStats: Info Vertex shader: 29 instructions
[2016.08.12-08.18.38:998][531]MaterialEditorStats: Info Texture samplers: 2/16
[2016.08.12-08.18.40:255][623]LogMaterial: Missing cached shader map for material BasicShapeMaterial, compiling. 
[2016.08.12-08.18.40:270][623]LogMaterial: 0.00 seconds spent updating 1 materials, 1 interfaces, 0 instances, 0 with static permutations.
[2016.08.12-08.18.40:344][623]LogMaterial: Missing cached shader map for material FMatExpressionPreview MaterialExpressionTextureSample_0, compiling. 
[2016.08.12-08.18.41:181][666]MaterialEditorStats: Info Base pass shader with static lighting: 53 instructions
[2016.08.12-08.18.41:181][666]MaterialEditorStats: Info Base pass shader with only dynamic lighting: 24 instructions
[2016.08.12-08.18.41:181][666]MaterialEditorStats: Info Vertex shader: 31 instructions
[2016.08.12-08.18.41:181][666]MaterialEditorStats: Info Texture samplers: 3/16
[2016.08.12-08.18.45:521][ 30]LogMaterialEditor: Applying material BasicShapeMaterial
[2016.08.12-08.18.46:065][ 30]LogMaterial: Missing cached shader map for material BasicShapeMaterial, compiling. 
[2016.08.12-08.18.46:092][ 30]LogMaterial: 0.00 seconds spent updating 1 materials, 1 interfaces, 0 instances, 0 with static permutations.
[2016.08.12-08.18.46:139][ 30]LogMaterial: Missing cached shader map for material BasicShapeMaterial, compiling. 
[2016.08.12-08.18.46:233][ 30]LogMaterial: Missing cached shader map for material BasicShapeMaterial, compiling. 
[2016.08.12-08.18.46:260][ 30]LogMaterial: 0.00 seconds spent updating 1 materials, 1 interfaces, 0 instances, 0 with static permutations.
[2016.08.12-08.18.48:930][177]LogEditorViewport: Clicking on Actor (LMB): StaticMeshActor (Floor)
[2016.08.12-08.18.49:218][192]MaterialEditorStats: Info Base pass shader with static lighting: 90 instructions
[2016.08.12-08.18.49:218][192]MaterialEditorStats: Info Base pass shader with only dynamic lighting: 60 instructions
[2016.08.12-08.18.49:218][192]MaterialEditorStats: Info Vertex shader: 31 instructions
[2016.08.12-08.18.49:218][192]MaterialEditorStats: Info Texture samplers: 4/16
[2016.08.12-08.19.04:791][130]LogEditorViewport: Clicking on Actor (LMB): BP_Sky_Sphere_C (Sky Sphere)
[2016.08.12-08.19.12:376][278]LogText:Warning: Failed to parse argument "ExistingAsset" as a number (us