Log file open, 08/11/16 17:08:12
LogInit:Display: Running engine for game: GameJamGame
LogPlatformFile: Not using cached read wrapper
LogInit:Display: RandInit(-364335595) SRandInit(-364335593).
LogTaskGraph: Started task graph with 4 named threads and 7 total threads with 1 sets of task threads.
LogStats: Stats thread started at 0.072679
LogInit: Version: 4.12.5-3039270+++UE4+Release-4.12
LogInit: API Version: 2992821
LogInit: Net Version: 3039270
LogDevObjectVersion: Number of dev versions registered: 13
LogDevObjectVersion:   Dev-Blueprints (B0D832E4-1F89-4F0D-ACCF-7EB736FD4AA2): 3
LogDevObjectVersion:   Dev-Build (E1C64328-A22C-4D53-A36C-8E866417BD8C): 0
LogDevObjectVersion:   Dev-Core (375EC13C-06E4-48FB-B500-84F0262A717E): 1
LogDevObjectVersion:   Dev-Editor (E4B068ED-F494-42E9-A231-DA0B2E46BB41): 2
LogDevObjectVersion:   Dev-Framework (CFFC743F-43B0-4480-9391-14DF171D2073): 6
LogDevObjectVersion:   Dev-Mobile (B02B49B5-BB20-44E9-A304-32B752E40360): 0
LogDevObjectVersion:   Dev-Networking (A4E4105C-59A1-49B5-A7C5-40C4547EDFEE): 0
LogDevObjectVersion:   Dev-Online (39C831C9-5AE6-47DC-9A44-9C173E1C8E7C): 0
LogDevObjectVersion:   Dev-Physics (78F01B33-EBEA-4F98-B9B4-84EACCB95AA2): 0
LogDevObjectVersion:   Dev-Platform (6631380F-2D4D-43E0-8009-CF276956A95A): 0
LogDevObjectVersion:   Dev-Rendering (12F88B9F-8875-4AFC-A67C-D90C383ABD29): 2
LogDevObjectVersion:   Dev-Sequencer (7B5AE74C-D270-4C10-A958-57980B212A5A): 0
LogDevObjectVersion:   Dev-VR (D7296918-1DD6-4BDD-9DE2-64A83CC13884): 0
LogInit: Compiled (64-bit): Jul  6 2016 09:09:46
LogInit: Compiled with Visual C++: 19.00.23026.00
LogInit: Build Configuration: Development
LogInit: Branch Name: ++UE4+Release-4.12
LogInit: Command line: -EpicPortal 
LogInit: Base directory: C:/Program Files (x86)/Epic Games/4.12/Engine/Binaries/Win64/
LogInit: Installed Engine Build: 1
LogInit: Using libcurl 7.41.0
LogInit:  - built for x86_64-pc-win32
LogInit:  - supports SSL with WinSSL
LogInit:  - other features:
LogInit:      CURL_VERSION_SSL
LogInit:      CURL_VERSION_IPV6
LogInit:      CURL_VERSION_ASYNCHDNS
LogInit:      CURL_VERSION_LARGEFILE
LogInit:      CURL_VERSION_IDN
LogInit:  CurlRequestOptions (configurable via config and command line):
LogInit:  - bVerifyPeer = true  - Libcurl will verify peer certificate
LogInit:  - bUseHttpProxy = false  - Libcurl will NOT use HTTP proxy
LogInit:  - bDontReuseConnections = false  - Libcurl will reuse connections
LogInit:  - CertBundlePath = nullptr  - Libcurl will use whatever was configured at build time.
LogInit: Presizing for max 8388607 objects, including 0 objects not considered by GC, pre-allocating 0 bytes for permanent pool.
LogInit: Object subsystem initialized
[2016.08.11-16.08.12:992][  0]LogInit: Selected Device Profile: [Windows]
[2016.08.11-16.08.12:992][  0]LogInit: Applying CVar settings loaded from the selected device profile: [Windows]
[2016.08.11-16.08.13:002][  0]LogInit: Computer: MANPSQD016
[2016.08.11-16.08.13:002][  0]LogInit: User: bentown
[2016.08.11-16.08.13:002][  0]LogInit: CPU Page size=65536, Cores=4
[2016.08.11-16.08.13:002][  0]LogInit: High frequency timer resolution =3.613320 MHz
[2016.08.11-16.08.13:002][  0]LogMemory: Memory total: Physical=15.9GB (16GB approx)
[2016.08.11-16.08.13:002][  0]LogMemory: Platform Memory Stats for Windows
[2016.08.11-16.08.13:002][  0]LogMemory: Process Physical Memory: 191.91 MB used, 191.91 MB peak
[2016.08.11-16.08.13:002][  0]LogMemory: Process Virtual Memory: 196.92 MB used, 196.92 MB peak
[2016.08.11-16.08.13:002][  0]LogMemory: Physical Memory: 6499.32 MB used, 16261.73 MB total
[2016.08.11-16.08.13:002][  0]LogMemory: Virtual Memory: 522.18 MB used, 8388608.00 MB total
[2016.08.11-16.08.13:033][  0]LogTextLocalizationManager: No specific translations for ('en-GB') exist, so ('en') translations will be used.
[2016.08.11-16.08.13:432][  0]LogD3D11RHI: D3D11 adapters:
[2016.08.11-16.08.13:452][  0]LogD3D11RHI:    0. 'NVIDIA GeForce GTX 760' (Feature Level 11_0)
[2016.08.11-16.08.13:452][  0]LogD3D11RHI:       1989/0/2048 MB DedicatedVideo/DedicatedSystem/SharedSystem, Outputs:1, VendorId:0x10de
[2016.08.11-16.08.13:452][  0]LogD3D11RHI: Chosen D3D11 Adapter: 0
[2016.08.11-16.08.13:456][  0]LogD3D11RHI: Creating new Direct3DDevice
[2016.08.11-16.08.13:456][  0]LogD3D11RHI:     GPU DeviceId: 0x1187 (for the marketing name, search the web for "GPU Device Id")
[2016.08.11-16.08.13:456][  0]LogWindows: EnumDisplayDevices:
[2016.08.11-16.08.13:456][  0]LogWindows:    0. 'NVIDIA GeForce GTX 760' (P:1 D:1)
[2016.08.11-16.08.13:457][  0]LogWindows:    1. 'NVIDIA GeForce GTX 760' (P:0 D:0)
[2016.08.11-16.08.13:457][  0]LogWindows:    2. 'NVIDIA GeForce GTX 760' (P:0 D:0)
[2016.08.11-16.08.13:457][  0]LogWindows:    3. 'NVIDIA GeForce GTX 760' (P:0 D:0)
[2016.08.11-16.08.13:457][  0]LogWindows:    4. 'RDPDD Chained DD' (P:0 D:0)
[2016.08.11-16.08.13:457][  0]LogWindows:    5. 'RDP Encoder Mirror Driver' (P:0 D:0)
[2016.08.11-16.08.13:457][  0]LogWindows:    6. 'RDP Reflector Display Driver' (P:0 D:0)
[2016.08.11-16.08.13:457][  0]LogWindows: DebugString: GetVideoDriverDetailsInvalid PrimaryIsNotTheChoosenAdapter GetVideoDriverDetailsInvalid PrimaryIsNotTheChoosenAdapter GetVideoDriverDetailsInvalid PrimaryIsNotTheChoosenAdapter FoundDriverCount:4 
[2016.08.11-16.08.13:457][  0]LogD3D11RHI:     Adapter Name: NVIDIA GeForce GTX 760
[2016.08.11-16.08.13:457][  0]LogD3D11RHI:   Driver Version: 365.10 (internal:10.18.13.6510, unified:365.10)
[2016.08.11-16.08.13:457][  0]LogD3D11RHI:      Driver Date: 4-27-2016
[2016.08.11-16.08.13:457][  0]LogRHI: Texture pool is 1361 MB (70% of 1945 MB)
[2016.08.11-16.08.13:464][  0]LogD3D11RHI: Async texture creation enabled
[2016.08.11-16.08.13:479][  0]LogD3D11RHI: GPU Timing Frequency: 1000.000000 (Debug: 2 2)
[2016.08.11-16.08.13:479][  0]LogShaderCompilers: Guid format shader working directory is -38 characters bigger than the processId version (../../../../../../Users/bentown/Documents/Unreal Projects/GameJam/16AugJam/GameJamGame/Intermediate/Shaders/WorkingDirectory/8744/).
[2016.08.11-16.08.13:479][  0]LogShaderCompilers: Cleaned the shader compiler working directory 'C:/Users/bentown/AppData/Local/Temp/UnrealShaderWorkingDir/6AB4620843A8CEC37AD7738FB45DBFA1/'.
[2016.08.11-16.08.13:479][  0]LogShaderCompilers:Display: Using Local Shader Compiler.
[2016.08.11-16.08.14:399][  0]LogTemp:Display: Loaded TP AllDesktopTargetPlatform
[2016.08.11-16.08.14:408][  0]LogTemp:Display: Loaded TP WindowsClientTargetPlatform
[2016.08.11-16.08.14:416][  0]LogTemp:Display: Loaded TP WindowsNoEditorTargetPlatform
[2016.08.11-16.08.14:424][  0]LogTemp:Display: Loaded TP WindowsServerTargetPlatform
[2016.08.11-16.08.14:432][  0]LogTemp:Display: Loaded TP WindowsTargetPlatform
[2016.08.11-16.08.14:442][  0]LogTemp:Display: Loaded TP AndroidTargetPlatform
[2016.08.11-16.08.14:451][  0]LogTemp:Display: Loaded TP Android_ASTCTargetPlatform
[2016.08.11-16.08.14:461][  0]LogTemp:Display: Loaded TP Android_ATCTargetPlatform
[2016.08.11-16.08.14:472][  0]LogTemp:Display: Loaded TP Android_DXTTargetPlatform
[2016.08.11-16.08.14:487][  0]LogTemp:Display: Loaded TP Android_ETC1TargetPlatform
[2016.08.11-16.08.14:495][  0]LogTemp:Display: Loaded TP Android_ETC2TargetPlatform
[2016.08.11-16.08.14:514][  0]LogTemp:Display: Loaded TP Android_MultiTargetPlatform
[2016.08.11-16.08.14:514][  0]LogTemp:Display: Loaded TP Android_PVRTCTargetPlatform
[2016.08.11-16.08.14:514][  0]LogTemp:Display: Loaded TP HTML5TargetPlatform
[2016.08.11-16.08.14:539][  0]LogTemp:Display: Loaded TP IOSTargetPlatform
[2016.08.11-16.08.14:552][  0]LogTemp:Display: Loaded TP TVOSTargetPlatform
[2016.08.11-16.08.14:564][  0]LogTemp:Display: Loaded TP LinuxNoEditorTargetPlatform
[2016.08.11-16.08.14:576][  0]LogTemp:Display: Loaded TP LinuxServerTargetPlatform
[2016.08.11-16.08.14:584][  0]LogTemp:Display: Loaded TP LinuxTargetPlatform
[2016.08.11-16.08.14:584][  0]LogTargetPlatformManager:Display: Building Assets For Windows
[2016.08.11-16.08.14:665][  0]LogDerivedDataCache:Display: Max Cache Size: 512 MB
[2016.08.11-16.08.14:718][  0]LogDerivedDataCache: Loaded boot cache 0.05s 48MB C:/Users/bentown/AppData/Local/UnrealEngine/4.12/DerivedDataCache/Boot.ddc.
[2016.08.11-16.08.14:718][  0]LogDerivedDataCache:Display: Loaded Boot cache: C:/Users/bentown/AppData/Local/UnrealEngine/4.12/DerivedDataCache/Boot.ddc
[2016.08.11-16.08.14:718][  0]LogDerivedDataCache: FDerivedDataBackendGraph:  Pak pak cache file ../../../../../../Users/bentown/Documents/Unreal Projects/GameJam/16AugJam/GameJamGame/DerivedDataCache/DDC.ddp not found, will not use a pak cache.
[2016.08.11-16.08.14:718][  0]LogDerivedDataCache: Unable to find inner node Pak for hierarchical cache Hierarchy.
[2016.08.11-16.08.14:718][  0]LogDerivedDataCache: FDerivedDataBackendGraph:  CompressedPak pak cache file ../../../../../../Users/bentown/Documents/Unreal Projects/GameJam/16AugJam/GameJamGame/DerivedDataCache/Compressed.ddp not found, will not use a pak cache.
[2016.08.11-16.08.14:718][  0]LogDerivedDataCache: Unable to find inner node CompressedPak for hierarchical cache Hierarchy.
[2016.08.11-16.08.14:738][  0]LogDerivedDataCache:Display: Pak cache opened for reading ../../../Engine/DerivedDataCache/Compressed.ddp.
[2016.08.11-16.08.14:782][  0]LogDerivedDataCache: Using Local data cache path C:/Users/bentown/AppData/Local/UnrealEngine/Common/DerivedDataCache: Writable
[2016.08.11-16.08.14:999][  0]LogInit: Selected Device Profile: [Windows]
[2016.08.11-16.08.15:000][  0]LogContentStreaming: Texture pool size is 0.00 MB
[2016.08.11-16.08.15:166][  0]LogMeshUtilities: No automatic mesh reduction module available
[2016.08.11-16.08.15:166][  0]LogMeshUtilities: No automatic mesh merging module available
[2016.08.11-16.08.15:166][  0]LogMeshUtilities: No distributed automatic mesh merging module available
[2016.08.11-16.08.15:403][  0]LogAssetRegistry: FAssetRegistry took 0.0201 seconds to start up
[2016.08.11-16.08.15:579][  0]LogPackageLocalizationCache: Processed 3 localized package path(s) for 2 prioritized culture(s) in 0.173774 seconds
[2016.08.11-16.08.15:590][  0]LogUObjectArray: 28739 objects as part of root set at end of initial load.
[2016.08.11-16.08.15:590][  0]LogUObjectAllocator: 5855632 out of 0 bytes used by permanent object pool.
[2016.08.11-16.08.15:590][  0]LogUObjectArray: CloseDisregardForGC: 0/0 objects in disregard for GC pool
[2016.08.11-16.08.15:601][  0]LogInit: WinSock: version 1.1 (2.2), MaxSocks=32767, MaxUdp=65467
[2016.08.11-16.08.15:768][  0]LogSlate: SlateFontCache - WITH_FREETYPE: 1, WITH_HARFBUZZ: 1
[2016.08.11-16.08.15:768][  0]LogSlate: SlateFontCache - WITH_FREETYPE: 1, WITH_HARFBUZZ: 1
[2016.08.11-16.08.16:472][  0]LogUdpMessaging: Initializing bridge on interface 0.0.0.0:0 to multicast group 230.0.0.1:6666.
[2016.08.11-16.08.17:065][  0]SourceControl: Info Source control is disabled
[2016.08.11-16.08.17:095][  0]SourceControl: Info Source control is disabled
[2016.08.11-16.08.17:101][  0]SourceControl: Info Source control is disabled
[2016.08.11-16.08.17:106][  0]SourceControl: Info Source control is disabled
[2016.08.11-16.08.18:067][  0]LogEngine: Initializing Engine...
[2016.08.11-16.08.18:068][  0]LogHMD: SteamVR failed to initialize.  Err: 110
[2016.08.11-16.08.18:069][  0]LogHMD: SteamVR failed to initialize.  Err: 110
[2016.08.11-16.08.18:224][  0]LogAIModule: Creating AISystem for world NewWorld
[2016.08.11-16.08.18:228][  0]LogInit: XAudio2 using 'Speakers (Conexant HD Audio)' : 2 channels at 44.1 kHz using 16 bits per sample (channel mask 0x3)
[2016.08.11-16.08.18:254][  0]LogInit: FAudioDevice initialized.
[2016.08.11-16.08.18:279][  0]LogDerivedDataCache: Saved boot cache 0.02s 48MB C:/Users/bentown/AppData/Local/UnrealEngine/4.12/DerivedDataCache/Boot.ddc.
[2016.08.11-16.08.18:285][  0]LogInit: Texture streaming: Enabled
[2016.08.11-16.08.18:315][  0]LogInit: Transaction tracking system initialized
[2016.08.11-16.08.18:332][  0]BlueprintLog: New page: Editor Load
[2016.08.11-16.08.18:497][  0]LocalizationService: Info Localization service is disabled
[2016.08.11-16.08.18:884][  0]LogConsoleResponse:Display: 
[2016.08.11-16.08.18:980][  0]LogFileCache: Scanning file cache for directory 'C:/Users/bentown/Documents/Unreal Projects/GameJam/16AugJam/GameJamGame/Content/' took 0.01s
[2016.08.11-16.08.18:980][  0]LogCook:Display: Max memory allowance for cook 8192mb
[2016.08.11-16.08.18:980][  0]LogCook:Display: Mobile HDR setting 1
[2016.08.11-16.08.19:060][  0]SourceControl: Info Source control is disabled
[2016.08.11-16.08.19:060][  0]Cmd: MAP LOAD FILE="../../../Engine/Content/Maps/Templates/Template_Default.umap" TEMPLATE=1 SHOWPROGRESS=1 FEATURELEVEL=3
[2016.08.11-16.08.19:061][  0]LightingResults: New page: Lighting Build
[2016.08.11-16.08.19:063][  0]MapCheck: New page: Map Check
[2016.08.11-16.08.19:063][  0]LightingResults: New page: Lighting Build
[2016.08.11-16.08.19:235][  0]LogAIModule: Creating AISystem for world Untitled_1
[2016.08.11-16.08.19:239][  0]LogEditorServer: Finished looking for orphan Actors (0.000 secs)
[2016.08.11-16.08.19:243][  0]Cmd: MAP CHECKDEP NOCLEARLOG
[2016.08.11-16.08.19:280][  0]MapCheck: Info Map check complete: 0 Error(s), 0 Warning(s), took 36.621ms to complete.
[2016.08.11-16.08.19:280][  0]LogFileHelpers: Loading map 'Template_Default' took 0.220
[2016.08.11-16.08.19:489][  0]LogCollectionManager: Loaded 0 collections in 0.002297 seconds
[2016.08.11-16.08.19:528][  0]LogFileCache: Scanning file cache for directory 'C:/Users/bentown/Documents/Unreal Projects/GameJam/16AugJam/GameJamGame/Saved/Collections/' took 0.01s
[2016.08.11-16.08.19:528][  0]LogFileCache: Scanning file cache for directory 'C:/Users/bentown/Documents/Unreal Projects/GameJam/16AugJam/GameJamGame/Content/Developers/bentown/Collections/' took 0.01s
[2016.08.11-16.08.19:528][  0]LogFileCache: Scanning file cache for directory 'C:/Users/bentown/Documents/Unreal Projects/GameJam/16AugJam/GameJamGame/Content/Collections/' took 0.01s
[2016.08.11-16.08.19:528][  0]LogCollectionManager: Rebuilt the GUID cache for 0 collections in 0.000003 seconds
[2016.08.11-16.08.19:538][  0]LogContentBrowser: Native class hierarchy populated in 0.0098 seconds. Added 2047 classes and 369 folders.
[2016.08.11-16.08.19:561][  0]LogStats: UGameplayTagsManager::ConstructGameplayTagTree: Construct from data asset -  0.000 s
[2016.08.11-16.08.19:561][  0]LogStats: UGameplayTagsManager::ConstructGameplayTagTree: GameplayTagTreeChangedEvent.Broadcast -  0.000 s
[2016.08.11-16.08.19:561][  0]LogContentBrowser: Native class hierarchy updated for 'GameplayTags' in 0.0005 seconds. Added 12 classes and 0 folders.
[2016.08.11-16.08.19:566][  0]LogContentBrowser: Native class hierarchy updated for 'WidgetCarousel' in 0.0003 seconds. Added 0 classes and 0 folders.
[2016.08.11-16.08.21:230][  0]LogContentBrowser: Native class hierarchy updated for 'AddContentDialog' in 0.0008 seconds. Added 0 classes and 0 folders.
[2016.08.11-16.08.21:238][  0]LogContentBrowser: Native class hierarchy updated for 'SceneOutliner' in 0.0007 seconds. Added 1 classes and 2 folders.
[2016.08.11-16.08.21:265][  0]LogCrashTracker: Crashtracker disabled due to settings.
[2016.08.11-16.08.21:272][  0]LogUObjectGlobals:Warning: Failed to find object 'Class None.'
[2016.08.11-16.08.21:333][  0]LogContentBrowser: Native class hierarchy updated for 'HierarchicalLODOutliner' in 0.0006 seconds. Added 1 classes and 2 folders.
[2016.08.11-16.08.21:334][  0]LogLoad: Full Startup: 9.09 seconds (BP compile: 0.04 seconds)
[2016.08.11-16.08.21:334][  0]LogExternalProfiler: Found external profiler: VSPerf
[2016.08.11-16.08.21:334][  0]LogExternalProfiler: Using external profiler: VSPerf
[2016.08.11-16.08.21:347][  0]LogOcInput: OculusInput pre-init called
[2016.08.11-16.08.21:376][  0]LogContentStreaming: Texture pool size now 700 MB
[2016.08.11-16.08.22:470][  0]LogRenderer: Reallocating scene render targets to support 1160x604 (Frame:2).
[2016.08.11-16.08.34:576][403]LogAssetRegistry: Asset discovery search completed in 19.1931 seconds
[2016.08.11-16.08.34:576][403]LogCollectionManager: Rebuilt the object cache for 0 collecti